  [1m[35m (125.3ms)[0m  [1m[35mCREATE TABLE "schema_migrations" ("version" character varying NOT NULL PRIMARY KEY)[0m
  [1m[35m (116.2ms)[0m  [1m[35mCREATE TABLE "ar_internal_metadata" ("key" character varying NOT NULL PRIMARY KEY, "value" character varying, "created_at" timestamp NOT NULL, "updated_at" timestamp NOT NULL)[0m
  [1m[35m (0.5ms)[0m  [1m[34mSELECT pg_try_advisory_lock(6137650109690117550)[0m
  [1m[35m (0.3ms)[0m  [1m[34mSELECT "schema_migrations"."version" FROM "schema_migrations" ORDER BY "schema_migrations"."version" ASC[0m
Migrating to CreateTestRecords (20200526052449)
  [1m[35m (0.1ms)[0m  [1m[35mBEGIN[0m
  [1m[35m (97.2ms)[0m  [1m[35mCREATE TABLE "test_records" ("id" bigserial primary key, "name" text, "public_name" text, "tagline" text, "address" text, "phone" text, "coordinates" point, "state" text, "favicon" text)[0m
  [1m[35mSQL (0.8ms)[0m  [1m[32mINSERT INTO "schema_migrations" ("version") VALUES ($1) RETURNING "version"[0m  [["version", "20200526052449"]]
  [1m[35m (20.1ms)[0m  [1m[35mCOMMIT[0m
  [1m[36mActiveRecord::InternalMetadata Load (1.1ms)[0m  [1m[34mSELECT  "ar_internal_metadata".* FROM "ar_internal_metadata" WHERE "ar_internal_metadata"."key" = $1 LIMIT $2[0m  [["key", "environment"], ["LIMIT", 1]]
  [1m[35m (0.4ms)[0m  [1m[35mBEGIN[0m
  [1m[35mSQL (1.3ms)[0m  [1m[32mINSERT INTO "ar_internal_metadata" ("key", "value", "created_at", "updated_at") VALUES ($1, $2, $3, $4) RETURNING "key"[0m  [["key", "environment"], ["value", "development"], ["created_at", "2020-05-26 01:26:08.134553"], ["updated_at", "2020-05-26 01:26:08.134553"]]
  [1m[35m (14.6ms)[0m  [1m[35mCOMMIT[0m
  [1m[35m (0.6ms)[0m  [1m[34mSELECT pg_advisory_unlock(6137650109690117550)[0m
  [1m[35m (0.7ms)[0m  [1m[34mSELECT "schema_migrations"."version" FROM "schema_migrations" ORDER BY "schema_migrations"."version" ASC[0m
  [1m[35m (0.2ms)[0m  [1m[34mSELECT pg_try_advisory_lock(6137650109690117550)[0m
  [1m[35m (0.3ms)[0m  [1m[34mSELECT "schema_migrations"."version" FROM "schema_migrations" ORDER BY "schema_migrations"."version" ASC[0m
Migrating to InstallAudited (20200526052450)
  [1m[35m (0.1ms)[0m  [1m[35mBEGIN[0m
  [1m[35m (0.1ms)[0m  [1m[35mDROP TABLE IF EXISTS "audits"[0m
  [1m[35m (1228.2ms)[0m  [1m[35mCREATE TABLE "audits" ("id" bigserial primary key, "auditable_id" integer, "auditable_type" character varying, "associated_id" integer, "associated_type" character varying, "user_id" integer, "user_type" character varying, "username" character varying, "action" character varying, "audited_changes" text, "version" integer DEFAULT 0, "comment" character varying, "remote_address" character varying, "request_uuid" character varying, "created_at" timestamp)[0m
  [1m[35m (29.1ms)[0m  [1m[35mCREATE  INDEX  "auditable_index" ON "audits"  ("auditable_type", "auditable_id", "version")[0m
  [1m[35m (33.8ms)[0m  [1m[35mCREATE  INDEX  "associated_index" ON "audits"  ("associated_type", "associated_id")[0m
  [1m[35m (33.3ms)[0m  [1m[35mCREATE  INDEX  "user_index" ON "audits"  ("user_id", "user_type")[0m
  [1m[35m (32.4ms)[0m  [1m[35mCREATE  INDEX  "index_audits_on_request_uuid" ON "audits"  ("request_uuid")[0m
  [1m[35m (49.9ms)[0m  [1m[35mCREATE  INDEX  "index_audits_on_created_at" ON "audits"  ("created_at")[0m
  [1m[35mSQL (0.5ms)[0m  [1m[32mINSERT INTO "schema_migrations" ("version") VALUES ($1) RETURNING "version"[0m  [["version", "20200526052450"]]
  [1m[35m (23.6ms)[0m  [1m[35mCOMMIT[0m
Migrating to CreateTramwayMetricsAccounts (20200526052451)
  [1m[35m (0.5ms)[0m  [1m[35mBEGIN[0m
  [1m[35m (75.8ms)[0m  [1m[35mCREATE TABLE "tramway_metrics_accounts" ("id" bigserial primary key, "associated_type" text, "associated_id" integer, "service" text, "account_id" text, "state" text DEFAULT 'active', "created_at" timestamp NOT NULL, "updated_at" timestamp NOT NULL)[0m
  [1m[35mSQL (0.6ms)[0m  [1m[32mINSERT INTO "schema_migrations" ("version") VALUES ($1) RETURNING "version"[0m  [["version", "20200526052451"]]
  [1m[35m (13.4ms)[0m  [1m[35mCOMMIT[0m
  [1m[36mActiveRecord::InternalMetadata Load (0.9ms)[0m  [1m[34mSELECT  "ar_internal_metadata".* FROM "ar_internal_metadata" WHERE "ar_internal_metadata"."key" = $1 LIMIT $2[0m  [["key", "environment"], ["LIMIT", 1]]
  [1m[35m (0.3ms)[0m  [1m[35mBEGIN[0m
  [1m[35m (0.4ms)[0m  [1m[35mCOMMIT[0m
  [1m[35m (0.6ms)[0m  [1m[34mSELECT pg_advisory_unlock(6137650109690117550)[0m
  [1m[35m (0.5ms)[0m  [1m[34mSELECT "schema_migrations"."version" FROM "schema_migrations" ORDER BY "schema_migrations"."version" ASC[0m
